mode: set
go-project/controllers/cartController.go:13.37,16.25 3 0
go-project/controllers/cartController.go:16.25,18.3 1 0
go-project/controllers/cartController.go:19.2,19.37 1 0
go-project/controllers/cartController.go:22.36,24.16 2 0
go-project/controllers/cartController.go:24.16,26.3 1 0
go-project/controllers/cartController.go:27.2,29.25 3 0
go-project/controllers/cartController.go:29.25,31.3 1 0
go-project/controllers/cartController.go:32.2,32.36 1 0
go-project/controllers/cartController.go:35.39,37.37 2 0
go-project/controllers/cartController.go:37.37,39.3 1 0
go-project/controllers/cartController.go:40.2,41.25 2 0
go-project/controllers/cartController.go:41.25,43.3 1 0
go-project/controllers/cartController.go:44.2,44.41 1 0
go-project/controllers/categoryController.go:13.42,16.25 3 0
go-project/controllers/categoryController.go:16.25,18.3 1 0
go-project/controllers/categoryController.go:19.2,19.42 1 0
go-project/controllers/categoryController.go:22.40,24.16 2 0
go-project/controllers/categoryController.go:24.16,26.3 1 0
go-project/controllers/categoryController.go:27.2,29.25 3 0
go-project/controllers/categoryController.go:29.25,31.3 1 0
go-project/controllers/categoryController.go:32.2,32.40 1 0
go-project/controllers/categoryController.go:35.43,37.42 2 0
go-project/controllers/categoryController.go:37.42,39.3 1 0
go-project/controllers/categoryController.go:40.2,41.25 2 0
go-project/controllers/categoryController.go:41.25,43.3 1 0
go-project/controllers/categoryController.go:44.2,44.45 1 0
go-project/controllers/paymentController.go:12.42,14.40 2 0
go-project/controllers/paymentController.go:14.40,16.3 1 0
go-project/controllers/paymentController.go:17.2,17.58 1 0
go-project/controllers/paymentController.go:17.58,19.3 1 0
go-project/controllers/paymentController.go:20.2,23.4 1 0
go-project/controllers/productController.go:17.40,20.25 3 0
go-project/controllers/productController.go:20.25,22.3 1 0
go-project/controllers/productController.go:23.2,23.40 1 0
go-project/controllers/productController.go:26.39,28.16 2 0
go-project/controllers/productController.go:28.16,30.3 1 0
go-project/controllers/productController.go:31.2,33.25 3 0
go-project/controllers/productController.go:33.25,35.3 1 0
go-project/controllers/productController.go:36.2,36.39 1 0
go-project/controllers/productController.go:39.42,41.40 2 0
go-project/controllers/productController.go:41.40,43.3 1 0
go-project/controllers/productController.go:44.2,45.25 2 0
go-project/controllers/productController.go:45.25,47.3 1 0
go-project/controllers/productController.go:48.2,48.44 1 0
go-project/controllers/productController.go:51.42,53.16 2 0
go-project/controllers/productController.go:53.16,55.3 1 0
go-project/controllers/productController.go:56.2,58.25 3 0
go-project/controllers/productController.go:58.25,60.3 1 0
go-project/controllers/productController.go:61.2,62.47 2 0
go-project/controllers/productController.go:62.47,64.3 1 0
go-project/controllers/productController.go:65.2,69.39 5 0
go-project/controllers/productController.go:72.42,74.16 2 0
go-project/controllers/productController.go:74.16,76.3 1 0
go-project/controllers/productController.go:78.2,79.30 2 0
go-project/controllers/productController.go:79.30,81.3 1 0
go-project/controllers/productController.go:82.2,82.42 1 0
go-project/database/database.go:12.16,14.16 2 0
go-project/database/database.go:14.16,15.42 1 0
go-project/database/database.go:17.2,18.90 2 0
go-project/database/test_database.go:12.22,15.16 3 0
go-project/database/test_database.go:15.16,16.46 1 0
go-project/database/test_database.go:18.2,19.16 2 0
go-project/database/test_database.go:19.16,20.43 1 0
go-project/main.go:11.13,42.2 19 0
